[ 2016-06-16T11:31:59+08:00 ] 172.31.7.238 /new_new_management_system/
INFO: [ app_init ] --START--
INFO: Run Behavior\BuildLiteBehavior [ RunTime:0.000044s ]
INFO: [ app_init ] --END-- [ RunTime:0.007404s ]
INFO: [ app_begin ] --START--
INFO: Run Behavior\ReadHtmlCacheBehavior [ RunTime:0.014801s ]
INFO: [ app_begin ] --END-- [ RunTime:0.014981s ]
NOTIC: [8] Use of undefined constant username - assumed 'username' G:\wamp\www\new_new_management_system\Application\Home\Controller\IndexController.class.php 第 10 行.
NOTIC: [8] Undefined index: id G:\wamp\www\new_new_management_system\Application\Home\Controller\IndexController.class.php 第 10 行.
SQL: SHOW COLUMNS FROM `adminstrator` [ RunTime:0.0266s ]
NOTIC: [8] Undefined index: manageid G:\wamp\www\new_new_management_system\Application\Home\Controller\IndexController.class.php 第 12 行.
NOTIC: [8] Use of undefined constant administratorid - assumed 'administratorid' G:\wamp\www\new_new_management_system\Application\Home\Controller\IndexController.class.php 第 29 行.
SQL: SELECT COUNT(*) AS tp_count FROM `adminstrator` LIMIT 1   [ RunTime:0.0010s ]
SQL: SELECT `Id`,`Password` FROM `adminstrator` ORDER BY id LIMIT 0,8   [ RunTime:0.0003s ]
INFO: [ view_parse ] --START--
INFO: [ template_filter ] --START--
INFO: Run Behavior\ContentReplaceBehavior [ RunTime:0.000096s ]
INFO: [ template_filter ] --END-- [ RunTime:0.000231s ]
INFO: Run Behavior\ParseTemplateBehavior [ RunTime:0.077224s ]
INFO: [ view_parse ] --END-- [ RunTime:0.077412s ]
INFO: [ view_filter ] --START--
INFO: Run Behavior\WriteHtmlCacheBehavior [ RunTime:0.000953s ]
INFO: [ view_filter ] --END-- [ RunTime:0.001063s ]
INFO: [ app_end ] --START--
INFO: Run Behavior\ShowPageTraceBehavior [ RunTime:0.000965s ]
INFO: [ app_end ] --END-- [ RunTime:0.001183s ]

[ 2016-06-16T11:32:00+08:00 ] 172.31.7.238 /new_new_management_system/index.php/Home/Index/main
INFO: [ app_init ] --START--
INFO: Run Behavior\BuildLiteBehavior [ RunTime:0.000040s ]
INFO: [ app_init ] --END-- [ RunTime:0.000687s ]
INFO: [ app_begin ] --START--
INFO: Run Behavior\ReadHtmlCacheBehavior [ RunTime:0.001048s ]
INFO: [ app_begin ] --END-- [ RunTime:0.001286s ]
NOTIC: [8] Use of undefined constant hahaha - assumed 'hahaha' G:\wamp\www\new_new_management_system\Application\Home\Controller\IndexController.class.php 第 79 行.
INFO: [ view_parse ] --START--
INFO: [ template_filter ] --START--
INFO: Run Behavior\ContentReplaceBehavior [ RunTime:0.000106s ]
INFO: [ template_filter ] --END-- [ RunTime:0.000299s ]
INFO: Run Behavior\ParseTemplateBehavior [ RunTime:0.016716s ]
INFO: [ view_parse ] --END-- [ RunTime:0.016927s ]
INFO: [ view_filter ] --START--
INFO: Run Behavior\WriteHtmlCacheBehavior [ RunTime:0.000487s ]
INFO: [ view_filter ] --END-- [ RunTime:0.000623s ]
INFO: [ app_end ] --START--
INFO: Run Behavior\ShowPageTraceBehavior [ RunTime:0.000619s ]
INFO: [ app_end ] --END-- [ RunTime:0.000747s ]

[ 2016-06-16T11:32:00+08:00 ] 172.31.7.238 /new_new_management_system/index.php/Home/Index/__PUBLIC_/css/main.css
INFO: [ app_init ] --START--
INFO: Run Behavior\BuildLiteBehavior [ RunTime:0.000040s ]
INFO: [ app_init ] --END-- [ RunTime:0.000680s ]
INFO: [ app_begin ] --START--
INFO: Run Behavior\ReadHtmlCacheBehavior [ RunTime:0.000909s ]
INFO: [ app_begin ] --END-- [ RunTime:0.001127s ]
ERR: 非法操作:__PUBLIC_

